#fOrTyTwO
$hz=100;
$XS_VERSION='DProf 20080331.00';
# All values are given in HZ
$over_utime=0; $over_stime=0; $over_rtime=1;
$over_tests=10000;
$rrun_utime=1; $rrun_stime=0; $rrun_rtime=0;
$total_marks=48                                                                                                                                                                                    

PART2
& 2 main BEGIN
+ 2
& 3 strict bits
+ 3
- 3
& 4 strict import
+ 4
- 4
- 2
& 5 main BEGIN
+ 5
& 6 warnings import
+ 6
- 6
- 5
& 7 main BEGIN
+ 7
& 8 Data::Dumper BEGIN
+ 8
- 8
& 9 Data::Dumper BEGIN
+ 9
& a Exporter import
+ a
- a
- 9
& b Data::Dumper BEGIN
+ b
- b
& c Data::Dumper BEGIN
+ c
& d bytes import
+ d
- d
- c
& e overload BEGIN
+ e
& f warnings::register import
+ f
& 10 warnings::register mkMask
+ 10
- 10
+ 10
- 10
- f
- e
& 11 XSLoader load
+ 11
& 12 DynaLoader dl_load_file
+ 12
- 12
& 13 DynaLoader dl_undef_symbols
+ 13
- 13
& 14 DynaLoader dl_find_symbol
+ 14
- 14
& 15 DynaLoader dl_install_xsub
+ 15
- 15
& 16 Data::Dumper bootstrap
+ 16
- 16
- 11
+ a
- a
- 7
& 17 main BEGIN
+ 17
/ 17
@ 1 0 0
